D:\Sapient\prejoining-learning-program\Week3\week3-java-assignment1>mvn clean package >> output.txt
[INFO] Scanning for projects...
[INFO] 
[INFO] -------------< com.sapient.shapes:week3-java-assignment1 >--------------
[INFO] Building week3-java-assignment1 1.0-SNAPSHOT
[INFO] --------------------------------[ jar ]---------------------------------
[INFO] 
[INFO] --- maven-clean-plugin:2.5:clean (default-clean) @ week3-java-assignment1 ---
[INFO] Deleting D:\Sapient\prejoining-learning-program\Week3\week3-java-assignment1\target
[INFO] 
[INFO] --- maven-resources-plugin:2.6:resources (default-resources) @ week3-java-assignment1 ---
[WARNING] Using platform encoding (Cp1252 actually) to copy filtered resources, i.e. build is platform dependent!
[INFO] skip non existing resourceDirectory D:\Sapient\prejoining-learning-program\Week3\week3-java-assignment1\src\main\resources
[INFO] 
[INFO] --- maven-compiler-plugin:3.1:compile (default-compile) @ week3-java-assignment1 ---
[INFO] Changes detected - recompiling the module!
[WARNING] File encoding has not been set, using platform encoding Cp1252, i.e. build is platform dependent!
[INFO] Compiling 4 source files to D:\Sapient\prejoining-learning-program\Week3\week3-java-assignment1\target\classes
[INFO] 
[INFO] --- maven-resources-plugin:2.6:testResources (default-testResources) @ week3-java-assignment1 ---
[WARNING] Using platform encoding (Cp1252 actually) to copy filtered resources, i.e. build is platform dependent!
[INFO] skip non existing resourceDirectory D:\Sapient\prejoining-learning-program\Week3\week3-java-assignment1\src\test\resources
[INFO] 
[INFO] --- maven-compiler-plugin:3.1:testCompile (default-testCompile) @ week3-java-assignment1 ---
[INFO] Changes detected - recompiling the module!
[WARNING] File encoding has not been set, using platform encoding Cp1252, i.e. build is platform dependent!
[INFO] Compiling 4 source files to D:\Sapient\prejoining-learning-program\Week3\week3-java-assignment1\target\test-classes
[INFO] 
[INFO] --- maven-surefire-plugin:2.12.4:test (default-test) @ week3-java-assignment1 ---
[INFO] Surefire report directory: D:\Sapient\prejoining-learning-program\Week3\week3-java-assignment1\target\surefire-reports

-------------------------------------------------------
 T E S T S
-------------------------------------------------------
Running com.sapient.shapes.CircleTest
Tests run: 2, Failures: 0, Errors: 0, Skipped: 0, Time elapsed: 0.034 sec
Running com.sapient.shapes.ShapesTest
Tests run: 4, Failures: 0, Errors: 0, Skipped: 0, Time elapsed: 0.016 sec
Running com.sapient.shapes.SquareTest
Tests run: 2, Failures: 0, Errors: 0, Skipped: 0, Time elapsed: 0 sec
Running com.sapient.shapes.TriangleTest
Tests run: 2, Failures: 0, Errors: 0, Skipped: 0, Time elapsed: 0 sec

Results :

Tests run: 10, Failures: 0, Errors: 0, Skipped: 0

[INFO] 
[INFO] --- maven-jar-plugin:2.4:jar (default-jar) @ week3-java-assignment1 ---
[INFO] Building jar: D:\Sapient\prejoining-learning-program\Week3\week3-java-assignment1\target\week3-java-assignment1-1.0-SNAPSHOT.jar
[INFO] ------------------------------------------------------------------------
[INFO] BUILD SUCCESS
[INFO] ------------------------------------------------------------------------
[INFO] Total time:  2.956 s
[INFO] Finished at: 2020-04-23T10:05:42+05:30
[INFO] ------------------------------------------------------------------------


D:\Sapient\prejoining-learning-program\Week3\week3-java-assignment1>java -jar target\week3-java-assignment1-1.0-SNAPSHOT.jar
Enter numberOfSides : 4
Enter sideLength : 10
The Area of the Square is : 100